<?xml version="1.0" encoding="UTF-8"?>
<testsuite xmlns:xsi="http://www.w3.org/2001/XMLSchema-instance" xsi:noNamespaceSchemaLocation="https://maven.apache.org/surefire/maven-surefire-plugin/xsd/surefire-test-report.xsd" name="CS2020.assignment1.game.GameTests" time="0.076" tests="7" errors="0" skipped="0" failures="1">
  <properties>
    <property name="java.specification.version" value="17"/>
    <property name="sun.cpu.isalist" value="amd64"/>
    <property name="sun.jnu.encoding" value="Cp1252"/>
    <property name="java.class.path" value="C:\Users\SuRRi\OneDrive\Desktop\BattleShip-main\rename_student_name\target\test-classes;C:\Users\SuRRi\OneDrive\Desktop\BattleShip-main\rename_student_name\target\classes;C:\Users\SuRRi\.m2\repository\junit\junit\4.11\junit-4.11.jar;C:\Users\SuRRi\.m2\repository\org\hamcrest\hamcrest-core\1.3\hamcrest-core-1.3.jar;"/>
    <property name="java.vm.vendor" value="Eclipse Adoptium"/>
    <property name="sun.arch.data.model" value="64"/>
    <property name="user.variant" value=""/>
    <property name="java.vendor.url" value="https://adoptium.net/"/>
    <property name="user.timezone" value="America/Chicago"/>
    <property name="os.name" value="Windows 11"/>
    <property name="java.vm.specification.version" value="17"/>
    <property name="sun.java.launcher" value="SUN_STANDARD"/>
    <property name="user.country" value="GB"/>
    <property name="sun.boot.library.path" value="C:\Program Files\Eclipse Adoptium\jdk-17.0.5.8-hotspot\bin"/>
    <property name="sun.java.command" value="C:\Users\SuRRi\AppData\Local\Temp\surefire9888042694235429679\surefirebooter14198691022750307656.jar C:\Users\SuRRi\AppData\Local\Temp\surefire9888042694235429679 2022-10-27T15-34-59_218-jvmRun1 surefire10715879184356184105tmp surefire_018260845946463963554tmp"/>
    <property name="jdk.debug" value="release"/>
    <property name="surefire.test.class.path" value="C:\Users\SuRRi\OneDrive\Desktop\BattleShip-main\rename_student_name\target\test-classes;C:\Users\SuRRi\OneDrive\Desktop\BattleShip-main\rename_student_name\target\classes;C:\Users\SuRRi\.m2\repository\junit\junit\4.11\junit-4.11.jar;C:\Users\SuRRi\.m2\repository\org\hamcrest\hamcrest-core\1.3\hamcrest-core-1.3.jar;"/>
    <property name="sun.cpu.endian" value="little"/>
    <property name="user.home" value="C:\Users\SuRRi"/>
    <property name="user.language" value="en"/>
    <property name="java.specification.vendor" value="Oracle Corporation"/>
    <property name="java.version.date" value="2022-10-18"/>
    <property name="java.home" value="C:\Program Files\Eclipse Adoptium\jdk-17.0.5.8-hotspot"/>
    <property name="file.separator" value="\"/>
    <property name="basedir" value="C:\Users\SuRRi\OneDrive\Desktop\BattleShip-main\rename_student_name"/>
    <property name="java.vm.compressedOopsMode" value="32-bit"/>
    <property name="line.separator" value="&#10;"/>
    <property name="java.vm.specification.vendor" value="Oracle Corporation"/>
    <property name="java.specification.name" value="Java Platform API Specification"/>
    <property name="surefire.real.class.path" value="C:\Users\SuRRi\AppData\Local\Temp\surefire9888042694235429679\surefirebooter14198691022750307656.jar"/>
    <property name="user.script" value=""/>
    <property name="sun.management.compiler" value="HotSpot 64-Bit Tiered Compilers"/>
    <property name="java.runtime.version" value="17.0.5+8"/>
    <property name="user.name" value="SuRRi"/>
    <property name="path.separator" value=";"/>
    <property name="os.version" value="10.0"/>
    <property name="java.runtime.name" value="OpenJDK Runtime Environment"/>
    <property name="file.encoding" value="Cp1252"/>
    <property name="java.vm.name" value="OpenJDK 64-Bit Server VM"/>
    <property name="java.vendor.version" value="Temurin-17.0.5+8"/>
    <property name="localRepository" value="C:\Users\SuRRi\.m2\repository"/>
    <property name="java.vendor.url.bug" value="https://github.com/adoptium/adoptium-support/issues"/>
    <property name="java.io.tmpdir" value="C:\Users\SuRRi\AppData\Local\Temp\"/>
    <property name="java.version" value="17.0.5"/>
    <property name="user.dir" value="C:\Users\SuRRi\OneDrive\Desktop\BattleShip-main\rename_student_name"/>
    <property name="os.arch" value="amd64"/>
    <property name="java.vm.specification.name" value="Java Virtual Machine Specification"/>
    <property name="sun.os.patch.level" value=""/>
    <property name="native.encoding" value="Cp1252"/>
    <property name="java.library.path" value="C:\Program Files\Eclipse Adoptium\jdk-17.0.5.8-hotspot\bin;C:\windows\Sun\Java\bin;C:\windows\system32;C:\windows;C:\Program Files\Eclipse Adoptium\jdk-17.0.5.8-hotspot\bin;C:\Program Files (x86)\Common Files\Oracle\Java\javapath;C:\Program Files\Eclipse Adoptium\jdk-11.0.17.8-hotspot\bin;C:\Program Files\Common Files\Oracle\Java\javapath;C:\windows\system32;C:\windows;C:\windows\System32\Wbem;C:\windows\System32\WindowsPowerShell\v1.0\;C:\windows\System32\OpenSSH\;C:\Program Files (x86)\NVIDIA Corporation\PhysX\Common;C:\Program Files\NVIDIA Corporation\NVIDIA NvDLISR;C:\Program Files\Docker\Docker\resources\bin;C:\Users\SuRRi\apache-maven-3.8.6\bin;C:\Program Files\Git\cmd;C:\Users\SuRRi\AppData\Local\Programs\Python\Python37\Scripts\;C:\Users\SuRRi\AppData\Local\Programs\Python\Python37\;C:\Users\SuRRi\AppData\Local\Microsoft\WindowsApps;;C:\Users\SuRRi\AppData\Local\Programs\Microsoft VS Code\bin;C:\Program Files\JetBrains\IntelliJ IDEA 2022.2.3\bin;;."/>
    <property name="java.vm.info" value="mixed mode, sharing"/>
    <property name="java.vendor" value="Eclipse Adoptium"/>
    <property name="java.vm.version" value="17.0.5+8"/>
    <property name="sun.io.unicode.encoding" value="UnicodeLittle"/>
    <property name="java.class.version" value="61.0"/>
  </properties>
  <testcase name="t1_1_a" classname="CS2020.assignment1.game.GameTests" time="0.003"/>
  <testcase name="t1_1_b" classname="CS2020.assignment1.game.GameTests" time="0"/>
  <testcase name="t1_2" classname="CS2020.assignment1.game.GameTests" time="0"/>
  <testcase name="t1_3" classname="CS2020.assignment1.game.GameTests" time="0"/>
  <testcase name="t2_1" classname="CS2020.assignment1.game.GameTests" time="0"/>
  <testcase name="t2_2" classname="CS2020.assignment1.game.GameTests" time="0"/>
  <testcase name="t2_3" classname="CS2020.assignment1.game.GameTests" time="0.03">
    <failure message="&amp;#27;[47m&amp;#27;[30mT2.3: Something is wrong with your method of placing ships on the grid.   &amp;#27;[0mjava.lang.NullPointerException: Cannot load from object array because &quot;gameGrid3.ships[0].shipCoordinates&quot; is null" type="java.lang.AssertionError"><![CDATA[java.lang.AssertionError: &amp#27;[47m&amp#27;[30mT2.3: Something is wrong with your method of placing ships on the grid.   &amp#27;[0mjava.lang.NullPointerException: Cannot load from object array because "gameGrid3.ships[0].shipCoordinates" is null
	at CS2020.assignment1.game.GameTests.t2_3(GameTests.java:269)
]]></failure>
  </testcase>
</testsuite>